#
# A fatal error has been detected by the Java Runtime Environment:
#
#  Internal Error (t:/workspace/open/src/hotspot/share/oops/generateOopMap.cpp:2164), pid=12868, tid=13008
#  fatal error: Illegal class file encountered. Try running with -Xverify:all in method CalcTaskEndTime
#
# JRE version: OpenJDK Runtime Environment (11.0.2+9) (build 11.0.2+9)
# Java VM: OpenJDK 64-Bit Server VM (11.0.2+9, mixed mode, tiered, compressed oops, g1 gc, windows-amd64)
# No core dump will be written. Minidumps are not enabled by default on client versions of Windows
#
# If you would like to submit a bug report, please visit:
#   http://bugreport.java.com/bugreport/crash.jsp
#

---------------  S U M M A R Y ------------

Command Line: -agentlib:jdwp=transport=dt_socket,suspend=y,address=localhost:57233 -Dcom.sun.management.jmxremote -Dcom.sun.management.jmxremote.port=57232 -Dcom.sun.management.jmxremote.authenticate=false -Dcom.sun.management.jmxremote.ssl=false -Djava.rmi.server.hostname=localhost -Dspring.liveBeansView.mbeanDomain -Dspring.application.admin.enabled=true -Xverify:none -XX:TieredStopAtLevel=1 -Dfile.encoding=UTF-8 com.mes.loco.aps.server.Application

Host: Intel(R) Core(TM) i5-8400H CPU @ 2.50GHz, 2 cores, 7G,  Windows 10 , 64 bit Build 18362 (10.0.18362.329)
Time: Mon Dec 30 13:39:22 2019 ?D1¨²¡À¨º¡Á?¨º¡À?? elapsed time: 637 seconds (0d 0h 10m 37s)

---------------  T H R E A D  ---------------

Current thread (0x0000018c2d8d3800):  VMThread "VM Thread" [stack: 0x0000008881900000,0x0000008881a00000] [id=13008]

Stack: [0x0000008881900000,0x0000008881a00000]
[error occurred during error reporting (printing stack bounds), id 0xc0000005, EXCEPTION_ACCESS_VIOLATION (0xc0000005) at pc=0x0000018c17500bad]

Native frames: (J=compiled Java code, j=interpreted, Vv=VM code, C=native code)
V  [jvm.dll+0x63489a]
V  [jvm.dll+0x771f9f]
V  [jvm.dll+0x773648]
V  [jvm.dll+0x773c65]
V  [jvm.dll+0x773c1b]
V  [jvm.dll+0x633fa6]
V  [jvm.dll+0x634368]
C  [ntdll.dll+0xa11ff]
C  [ntdll.dll+0x6a289]
C  [ntdll.dll+0x9fe6e]
C  0x0000018c17500bad

VM_Operation (0x00000088821ff8c0): GetOrSetLocal, mode: safepoint, requested by thread 0x0000018c2e325800


---------------  P R O C E S S  ---------------

Threads class SMR info:
_java_thread_list=0x0000018c2ed66610, length=40, elements={
0x0000018c2d8db800, 0x0000018c2d8e7800, 0x0000018c2d909800, 0x0000018c2d90a800,
0x0000018c2d90d000, 0x0000018c2e181000, 0x0000018c0f24b800, 0x0000018c2e325800,
0x0000018c2e32a800, 0x0000018c2e32c000, 0x0000018c2e340000, 0x0000018c2eb19000,
0x0000018c2ebd7800, 0x0000018c2ec2d800, 0x0000018c2efbe000, 0x0000018c30465800,
0x0000018c30466800, 0x0000018c30467000, 0x0000018c30487000, 0x0000018c30609800,
0x0000018c3060a000, 0x0000018c3060b000, 0x0000018c3060f000, 0x0000018c3060e000,
0x0000018c3060d800, 0x0000018c3060c800, 0x0000018c3060b800, 0x0000018c30610000,
0x0000018c30610800, 0x0000018c30611800, 0x0000018c30612000, 0x0000018c30623800,
0x0000018c3061d800, 0x0000018c30621000, 0x0000018c3061f800, 0x0000018c30620000,
0x0000018c30622000, 0x0000018c30624800, 0x0000018c30622800, 0x0000018c3061e800
}

Java Threads: ( => current thread )
  0x0000018c2d8db800 JavaThread "Reference Handler" daemon [_thread_blocked, id=10564, stack(0x0000008881a00000,0x0000008881b00000)]
  0x0000018c2d8e7800 JavaThread "Finalizer" daemon [_thread_blocked, id=11608, stack(0x0000008881b00000,0x0000008881c00000)]
  0x0000018c2d909800 JavaThread "Signal Dispatcher" daemon [_thread_blocked, id=11700, stack(0x0000008881c00000,0x0000008881d00000)]
  0x0000018c2d90a800 JavaThread "Attach Listener" daemon [_thread_blocked, id=10320, stack(0x0000008881d00000,0x0000008881e00000)]
  0x0000018c2d90d000 JavaThread "C1 CompilerThread0" daemon [_thread_blocked, id=7448, stack(0x0000008881e00000,0x0000008881f00000)]
  0x0000018c2e181000 JavaThread "Sweeper thread" daemon [_thread_blocked, id=11104, stack(0x0000008881f00000,0x0000008882000000)]
  0x0000018c0f24b800 JavaThread "Common-Cleaner" daemon [_thread_blocked, id=5888, stack(0x0000008882000000,0x0000008882100000)]
  0x0000018c2e325800 JavaThread "JDWP Transport Listener: dt_socket" daemon [_thread_blocked, id=7244, stack(0x0000008882100000,0x0000008882200000)] _threads_hazard_ptr=0x0000018c2ed66610
  0x0000018c2e32a800 JavaThread "JDWP Event Helper Thread" daemon [_thread_blocked, id=11028, stack(0x0000008882200000,0x0000008882300000)]
  0x0000018c2e32c000 JavaThread "JDWP Command Reader" daemon [_thread_in_native, id=432, stack(0x0000008882300000,0x0000008882400000)]
  0x0000018c2e340000 JavaThread "Service Thread" daemon [_thread_blocked, id=11472, stack(0x0000008882400000,0x0000008882500000)]
  0x0000018c2eb19000 JavaThread "RMI TCP Accept-0" daemon [_thread_in_native, id=11328, stack(0x0000008882700000,0x0000008882800000)]
  0x0000018c2ebd7800 JavaThread "RMI TCP Accept-57232" daemon [_thread_in_native, id=13260, stack(0x0000008882800000,0x0000008882900000)]
  0x0000018c2ec2d800 JavaThread "RMI TCP Accept-0" daemon [_thread_in_native, id=9528, stack(0x0000008882900000,0x0000008882a00000)]
  0x0000018c2efbe000 JavaThread "logback-1" daemon [_thread_blocked, id=13144, stack(0x0000008882c00000,0x0000008882d00000)]
  0x0000018c30465800 JavaThread "Catalina-utility-1" [_thread_blocked, id=11476, stack(0x0000008882b00000,0x0000008882c00000)]
  0x0000018c30466800 JavaThread "Catalina-utility-2" [_thread_blocked, id=4368, stack(0x0000008882d00000,0x0000008882e00000)]
  0x0000018c30467000 JavaThread "container-0" [_thread_blocked, id=424, stack(0x0000008882e00000,0x0000008882f00000)]
  0x0000018c30487000 JavaThread "NioBlockingSelector.BlockPoller-1" daemon [_thread_in_native, id=10680, stack(0x0000008882f00000,0x0000008883000000)]
  0x0000018c30609800 JavaThread "http-nio-8084-exec-1" daemon [_thread_blocked, id=11780, stack(0x0000008883000000,0x0000008883100000)]
  0x0000018c3060a000 JavaThread "http-nio-8084-exec-2" daemon [_thread_blocked, id=7192, stack(0x0000008883100000,0x0000008883200000)]
  0x0000018c3060b000 JavaThread "http-nio-8084-exec-3" daemon [_thread_blocked, id=11664, stack(0x0000008883200000,0x0000008883300000)]
  0x0000018c3060f000 JavaThread "http-nio-8084-exec-4" daemon [_thread_blocked, id=9180, stack(0x0000008883300000,0x0000008883400000)]
  0x0000018c3060e000 JavaThread "http-nio-8084-exec-5" daemon [_thread_blocked, id=6288, stack(0x0000008883400000,0x0000008883500000)]
  0x0000018c3060d800 JavaThread "http-nio-8084-exec-6" daemon [_thread_blocked, id=13108, stack(0x0000008883500000,0x0000008883600000)]
  0x0000018c3060c800 JavaThread "http-nio-8084-exec-7" daemon [_thread_blocked, id=12108, stack(0x0000008883600000,0x0000008883700000)]
  0x0000018c3060b800 JavaThread "http-nio-8084-exec-8" daemon [_thread_blocked, id=5720, stack(0x0000008883700000,0x0000008883800000)]
  0x0000018c30610000 JavaThread "http-nio-8084-exec-9" daemon [_thread_blocked, id=13160, stack(0x0000008883800000,0x0000008883900000)]
  0x0000018c30610800 JavaThread "http-nio-8084-exec-10" daemon [_thread_blocked, id=9020, stack(0x0000008883900000,0x0000008883a00000)]
  0x0000018c30611800 JavaThread "http-nio-8084-ClientPoller-0" daemon [_thread_in_native, id=11120, stack(0x0000008883a00000,0x0000008883b00000)]
  0x0000018c30612000 JavaThread "http-nio-8084-ClientPoller-1" daemon [_thread_in_native, id=3868, stack(0x0000008883b00000,0x0000008883c00000)]
  0x0000018c30623800 JavaThread "http-nio-8084-Acceptor-0" daemon [_thread_in_native, id=1936, stack(0x0000008883c00000,0x0000008883d00000)]
  0x0000018c3061d800 JavaThread "DestroyJavaVM" [_thread_blocked, id=4868, stack(0x0000008881300000,0x0000008881400000)]
  0x0000018c30621000 JavaThread "logback-2" daemon [_thread_blocked, id=12244, stack(0x0000008881100000,0x0000008881200000)]
  0x0000018c3061f800 JavaThread "logback-3" daemon [_thread_blocked, id=7316, stack(0x0000008881200000,0x0000008881300000)]
  0x0000018c30620000 JavaThread "logback-4" daemon [_thread_blocked, id=1008, stack(0x0000008883d00000,0x0000008883e00000)]
  0x0000018c30622000 JavaThread "logback-5" daemon [_thread_blocked, id=7140, stack(0x0000008883e00000,0x0000008883f00000)]
  0x0000018c30624800 JavaThread "logback-6" daemon [_thread_blocked, id=10276, stack(0x0000008883f00000,0x0000008884000000)]
  0x0000018c30622800 JavaThread "logback-7" daemon [_thread_blocked, id=11848, stack(0x0000008882600000,0x0000008882700000)]
  0x0000018c3061e800 JavaThread "logback-8" daemon [_thread_blocked, id=7420, stack(0x0000008884000000,0x0000008884100000)]

Other Threads:
=>0x0000018c2d8d3800 VMThread "VM Thread" [stack: 0x0000008881900000,0x0000008881a00000] [id=13008]
  0x0000018c2ec2f000 WatcherThread [stack: 0x0000008882a00000,0x0000008882b00000] [id=13304]
  0x0000018c0f198800 GCTaskThread "GC Thread#0" [stack: 0x0000008881400000,0x0000008881500000] [id=1144]
  0x0000018c2ead2800 GCTaskThread "GC Thread#1" [stack: 0x0000008882500000,0x0000008882600000] [id=3800]
  0x0000018c0f1c9000 ConcurrentGCThread "G1 Main Marker" [stack: 0x0000008881500000,0x0000008881600000] [id=7036]
  0x0000018c0f1cb000 ConcurrentGCThread "G1 Conc#0" [stack: 0x0000008881600000,0x0000008881700000] [id=11588]
  0x0000018c0f243800 ConcurrentGCThread "G1 Refine#0" [stack: 0x0000008881700000,0x0000008881800000] [id=5652]
  0x0000018c2d730800 ConcurrentGCThread "G1 Young RemSet Sampling" [stack: 0x0000008881800000,0x0000008881900000] [id=10264]

Threads with active compile tasks:

VM state:at safepoint (normal execution)

VM Mutex/Monitor currently owned by a thread:  ([mutex/lock_event])
[0x0000018c0f17ece0] Threads_lock - owner thread: 0x0000018c2d8d3800

Heap address: 0x0000000080000000, size: 2048 MB, Compressed Oops mode: 32-bit
Narrow klass base: 0x0000000000000000, Narrow klass shift: 3
Compressed class space size: 1073741824 Address: 0x0000000100000000

Heap:
 garbage-first heap   total 157696K, used 39071K [0x0000000080000000, 0x0000000100000000)
  region size 1024K, 21 young (21504K), 5 survivors (5120K)
 Metaspace       used 43201K, capacity 44506K, committed 44720K, reserved 1087488K
  class space    used 5306K, capacity 5831K, committed 5888K, reserved 1048576K
Heap Regions: E=young(eden), S=young(survivor), O=old, HS=humongous(starts), HC=humongous(continues), CS=collection set, F=free, A=archive, TAMS=top-at-mark-start (previous, next)
|   0|0x0000000080000000, 0x0000000080100000, 0x0000000080100000|100%|HS|  |TAMS 0x0000000080100000, 0x0000000080000000| Complete 
|   1|0x0000000080100000, 0x0000000080200000, 0x0000000080200000|100%| O|  |TAMS 0x0000000080200000, 0x0000000080100000| Untracked 
|   2|0x0000000080200000, 0x0000000080300000, 0x0000000080300000|100%| O|  |TAMS 0x0000000080300000, 0x0000000080200000| Untracked 
|   3|0x0000000080300000, 0x0000000080400000, 0x0000000080400000|100%| O|  |TAMS 0x0000000080400000, 0x0000000080300000| Untracked 
|   4|0x0000000080400000, 0x0000000080500000, 0x0000000080500000|100%| O|  |TAMS 0x0000000080500000, 0x0000000080400000| Untracked 
|   5|0x0000000080500000, 0x0000000080600000, 0x0000000080600000|100%| O|  |TAMS 0x0000000080600000, 0x0000000080500000| Untracked 
|   6|0x0000000080600000, 0x0000000080700000, 0x0000000080700000|100%| O|  |TAMS 0x0000000080700000, 0x0000000080600000| Untracked 
|   7|0x0000000080700000, 0x0000000080800000, 0x0000000080800000|100%| O|  |TAMS 0x0000000080800000, 0x0000000080700000| Untracked 
|   8|0x0000000080800000, 0x0000000080900000, 0x0000000080900000|100%| O|  |TAMS 0x0000000080900000, 0x0000000080800000| Untracked 
|   9|0x0000000080900000, 0x0000000080a00000, 0x0000000080a00000|100%| O|  |TAMS 0x0000000080a00000, 0x0000000080900000| Untracked 
|  10|0x0000000080a00000, 0x0000000080b00000, 0x0000000080b00000|100%| O|  |TAMS 0x0000000080b00000, 0x0000000080a00000| Untracked 
|  11|0x0000000080b00000, 0x0000000080c00000, 0x0000000080c00000|100%| O|  |TAMS 0x0000000080c00000, 0x0000000080b00000| Untracked 
|  12|0x0000000080c00000, 0x0000000080d00000, 0x0000000080d00000|100%| O|  |TAMS 0x0000000080d00000, 0x0000000080c00000| Untracked 
|  13|0x0000000080d00000, 0x0000000080e00000, 0x0000000080e00000|100%| O|  |TAMS 0x0000000080d30400, 0x0000000080d00000| Untracked 
|  14|0x0000000080e00000, 0x0000000080f00000, 0x0000000080f00000|100%| O|  |TAMS 0x0000000080e00000, 0x0000000080e00000| Untracked 
|  15|0x0000000080f00000, 0x0000000081000000, 0x0000000081000000|100%| O|  |TAMS 0x0000000080f00000, 0x0000000080f00000| Untracked 
|  16|0x0000000081000000, 0x0000000081100000, 0x0000000081100000|100%| O|  |TAMS 0x0000000081000000, 0x0000000081000000| Untracked 
|  17|0x0000000081100000, 0x0000000081200000, 0x0000000081200000|100%| O|  |TAMS 0x0000000081100000, 0x0000000081100000| Untracked 
|  18|0x0000000081200000, 0x00000000812a7e00, 0x0000000081300000| 65%| O|  |TAMS 0x0000000081200000, 0x0000000081200000| Untracked 
|  19|0x0000000081300000, 0x0000000081300000, 0x0000000081400000|  0%| F|  |TAMS 0x0000000081300000, 0x0000000081300000| Untracked 
|  20|0x0000000081400000, 0x0000000081400000, 0x0000000081500000|  0%| F|  |TAMS 0x0000000081400000, 0x0000000081400000| Untracked 
|  21|0x0000000081500000, 0x0000000081500000, 0x0000000081600000|  0%| F|  |TAMS 0x0000000081500000, 0x0000000081500000| Untracked 
|  22|0x0000000081600000, 0x0000000081600000, 0x0000000081700000|  0%| F|  |TAMS 0x0000000081600000, 0x0000000081600000| Untracked 
|  23|0x0000000081700000, 0x0000000081700000, 0x0000000081800000|  0%| F|  |TAMS 0x0000000081700000, 0x0000000081700000| Untracked 
|  24|0x0000000081800000, 0x0000000081800000, 0x0000000081900000|  0%| F|  |TAMS 0x0000000081800000, 0x0000000081800000| Untracked 
|  25|0x0000000081900000, 0x0000000081900000, 0x0000000081a00000|  0%| F|  |TAMS 0x0000000081900000, 0x0000000081900000| Untracked 
|  26|0x0000000081a00000, 0x0000000081a00000, 0x0000000081b00000|  0%| F|  |TAMS 0x0000000081a00000, 0x0000000081a00000| Untracked 
|  27|0x0000000081b00000, 0x0000000081b00000, 0x0000000081c00000|  0%| F|  |TAMS 0x0000000081b00000, 0x0000000081b00000| Untracked 
|  28|0x0000000081c00000, 0x0000000081c00000, 0x0000000081d00000|  0%| F|  |TAMS 0x0000000081c00000, 0x0000000081c00000| Untracked 
|  29|0x0000000081d00000, 0x0000000081d00000, 0x0000000081e00000|  0%| F|  |TAMS 0x0000000081d00000, 0x0000000081d00000| Untracked 
|  30|0x0000000081e00000, 0x0000000081e00000, 0x0000000081f00000|  0%| F|  |TAMS 0x0000000081e00000, 0x0000000081e00000| Untracked 
|  31|0x0000000081f00000, 0x0000000081f00000, 0x0000000082000000|  0%| F|  |TAMS 0x0000000081f00000, 0x0000000081f00000| Untracked 
|  32|0x0000000082000000, 0x0000000082000000, 0x0000000082100000|  0%| F|  |TAMS 0x0000000082000000, 0x0000000082000000| Untracked 
|  33|0x0000000082100000, 0x0000000082100000, 0x0000000082200000|  0%| F|  |TAMS 0x0000000082100000, 0x0000000082100000| Untracked 
|  34|0x0000000082200000, 0x0000000082200000, 0x0000000082300000|  0%| F|  |TAMS 0x0000000082200000, 0x0000000082200000| Untracked 
|  35|0x0000000082300000, 0x0000000082300000, 0x0000000082400000|  0%| F|  |TAMS 0x0000000082300000, 0x0000000082300000| Untracked 
|  36|0x0000000082400000, 0x0000000082400000, 0x0000000082500000|  0%| F|  |TAMS 0x0000000082400000, 0x0000000082400000| Untracked 
|  37|0x0000000082500000, 0x0000000082500000, 0x0000000082600000|  0%| F|  |TAMS 0x0000000082500000, 0x0000000082500000| Untracked 
|  38|0x0000000082600000, 0x0000000082600000, 0x0000000082700000|  0%| F|  |TAMS 0x0000000082600000, 0x0000000082600000| Untracked 
|  39|0x0000000082700000, 0x0000000082700000, 0x0000000082800000|  0%| F|  |TAMS 0x0000000082700000, 0x0000000082700000| Untracked 
|  40|0x0000000082800000, 0x0000000082800000, 0x0000000082900000|  0%| F|  |TAMS 0x0000000082800000, 0x0000000082800000| Untracked 
|  41|0x0000000082900000, 0x0000000082900000, 0x0000000082a00000|  0%| F|  |TAMS 0x0000000082900000, 0x0000000082900000| Untracked 
|  42|0x0000000082a00000, 0x0000000082a00000, 0x0000000082b00000|  0%| F|  |TAMS 0x0000000082a00000, 0x0000000082a00000| Untracked 
|  43|0x0000000082b00000, 0x0000000082b00000, 0x0000000082c00000|  0%| F|  |TAMS 0x0000000082b00000, 0x0000000082b00000| Untracked 
|  44|0x0000000082c00000, 0x0000000082c00000, 0x0000000082d00000|  0%| F|  |TAMS 0x0000000082c00000, 0x0000000082c00000| Untracked 
|  45|0x0000000082d00000, 0x0000000082d00000, 0x0000000082e00000|  0%| F|  |TAMS 0x0000000082d00000, 0x0000000082d00000| Untracked 
|  46|0x0000000082e00000, 0x0000000082e00000, 0x0000000082f00000|  0%| F|  |TAMS 0x0000000082e00000, 0x0000000082e00000| Untracked 
|  47|0x0000000082f00000, 0x0000000082f00000, 0x0000000083000000|  0%| F|  |TAMS 0x0000000082f00000, 0x0000000082f00000| Untracked 
|  48|0x0000000083000000, 0x0000000083000000, 0x0000000083100000|  0%| F|  |TAMS 0x0000000083000000, 0x0000000083000000| Untracked 
|  49|0x0000000083100000, 0x0000000083100000, 0x0000000083200000|  0%| F|  |TAMS 0x0000000083100000, 0x0000000083100000| Untracked 
|  50|0x0000000083200000, 0x0000000083200000, 0x0000000083300000|  0%| F|  |TAMS 0x0000000083200000, 0x0000000083200000| Untracked 
|  51|0x0000000083300000, 0x0000000083300000, 0x0000000083400000|  0%| F|  |TAMS 0x0000000083300000, 0x0000000083300000| Untracked 
|  52|0x0000000083400000, 0x0000000083400000, 0x0000000083500000|  0%| F|  |TAMS 0x0000000083400000, 0x0000000083400000| Untracked 
|  53|0x0000000083500000, 0x0000000083500000, 0x0000000083600000|  0%| F|  |TAMS 0x0000000083500000, 0x0000000083500000| Untracked 
|  54|0x0000000083600000, 0x0000000083600000, 0x0000000083700000|  0%| F|  |TAMS 0x0000000083600000, 0x0000000083600000| Untracked 
|  55|0x0000000083700000, 0x0000000083700000, 0x0000000083800000|  0%| F|  |TAMS 0x0000000083700000, 0x0000000083700000| Untracked 
|  56|0x0000000083800000, 0x0000000083800000, 0x0000000083900000|  0%| F|  |TAMS 0x0000000083800000, 0x0000000083800000| Untracked 
|  57|0x0000000083900000, 0x0000000083900000, 0x0000000083a00000|  0%| F|  |TAMS 0x0000000083900000, 0x0000000083900000| Untracked 
|  58|0x0000000083a00000, 0x0000000083a00000, 0x0000000083b00000|  0%| F|  |TAMS 0x0000000083a00000, 0x0000000083a00000| Untracked 
|  59|0x0000000083b00000, 0x0000000083b00000, 0x0000000083c00000|  0%| F|  |TAMS 0x0000000083b00000, 0x0000000083b00000| Untracked 
|  60|0x0000000083c00000, 0x0000000083c00000, 0x0000000083d00000|  0%| F|  |TAMS 0x0000000083c00000, 0x0000000083c00000| Untracked 
|  61|0x0000000083d00000, 0x0000000083d00000, 0x0000000083e00000|  0%| F|  |TAMS 0x0000000083d00000, 0x0000000083d00000| Untracked 
|  62|0x0000000083e00000, 0x0000000083e00000, 0x0000000083f00000|  0%| F|  |TAMS 0x0000000083e00000, 0x0000000083e00000| Untracked 
|  63|0x0000000083f00000, 0x0000000083f00000, 0x0000000084000000|  0%| F|  |TAMS 0x0000000083f00000, 0x0000000083f00000| Untracked 
|  64|0x0000000084000000, 0x0000000084000000, 0x0000000084100000|  0%| F|  |TAMS 0x0000000084000000, 0x0000000084000000| Untracked 
|  65|0x0000000084100000, 0x0000000084100000, 0x0000000084200000|  0%| F|  |TAMS 0x0000000084100000, 0x0000000084100000| Untracked 
|  66|0x0000000084200000, 0x0000000084200000, 0x0000000084300000|  0%| F|  |TAMS 0x0000000084200000, 0x0000000084200000| Untracked 
|  67|0x0000000084300000, 0x0000000084300000, 0x0000000084400000|  0%| F|  |TAMS 0x0000000084300000, 0x0000000084300000| Untracked 
|  68|0x0000000084400000, 0x0000000084400000, 0x0000000084500000|  0%| F|  |TAMS 0x0000000084400000, 0x0000000084400000| Untracked 
|  69|0x0000000084500000, 0x0000000084500000, 0x0000000084600000|  0%| F|  |TAMS 0x0000000084500000, 0x0000000084500000| Untracked 
|  70|0x0000000084600000, 0x0000000084600000, 0x0000000084700000|  0%| F|  |TAMS 0x0000000084600000, 0x0000000084600000| Untracked 
|  71|0x0000000084700000, 0x0000000084700000, 0x0000000084800000|  0%| F|  |TAMS 0x0000000084700000, 0x0000000084700000| Untracked 
|  72|0x0000000084800000, 0x0000000084800000, 0x0000000084900000|  0%| F|  |TAMS 0x0000000084800000, 0x0000000084800000| Untracked 
|  73|0x0000000084900000, 0x0000000084900000, 0x0000000084a00000|  0%| F|  |TAMS 0x0000000084900000, 0x0000000084900000| Untracked 
|  74|0x0000000084a00000, 0x0000000084a00000, 0x0000000084b00000|  0%| F|  |TAMS 0x0000000084a00000, 0x0000000084a00000| Untracked 
|  75|0x0000000084b00000, 0x0000000084b00000, 0x0000000084c00000|  0%| F|  |TAMS 0x0000000084b00000, 0x0000000084b00000| Untracked 
|  76|0x0000000084c00000, 0x0000000084c00000, 0x0000000084d00000|  0%| F|  |TAMS 0x0000000084c00000, 0x0000000084c00000| Untracked 
|  77|0x0000000084d00000, 0x0000000084d00000, 0x0000000084e00000|  0%| F|  |TAMS 0x0000000084d00000, 0x0000000084d00000| Untracked 
|  78|0x0000000084e00000, 0x0000000084e00000, 0x0000000084f00000|  0%| F|  |TAMS 0x0000000084e00000, 0x0000000084e00000| Untracked 
|  79|0x0000000084f00000, 0x0000000084f00000, 0x0000000085000000|  0%| F|  |TAMS 0x0000000084f00000, 0x0000000084f00000| Untracked 
|  80|0x0000000085000000, 0x0000000085000000, 0x0000000085100000|  0%| F|  |TAMS 0x0000000085000000, 0x0000000085000000| Untracked 
|  81|0x0000000085100000, 0x0000000085100000, 0x0000000085200000|  0%| F|  |TAMS 0x0000000085100000, 0x0000000085100000| Untracked 
|  82|0x0000000085200000, 0x0000000085200000, 0x0000000085300000|  0%| F|  |TAMS 0x0000000085200000, 0x0000000085200000| Untracked 
|  83|0x0000000085300000, 0x0000000085300000, 0x0000000085400000|  0%| F|  |TAMS 0x0000000085300000, 0x0000000085300000| Untracked 
|  84|0x0000000085400000, 0x0000000085400000, 0x0000000085500000|  0%| F|  |TAMS 0x0000000085400000, 0x0000000085400000| Untracked 
|  85|0x0000000085500000, 0x0000000085500000, 0x0000000085600000|  0%| F|  |TAMS 0x0000000085500000, 0x0000000085500000| Untracked 
|  86|0x0000000085600000, 0x0000000085600000, 0x0000000085700000|  0%| F|  |TAMS 0x0000000085600000, 0x0000000085600000| Untracked 
|  87|0x0000000085700000, 0x0000000085700000, 0x0000000085800000|  0%| F|  |TAMS 0x0000000085700000, 0x0000000085700000| Untracked 
|  88|0x0000000085800000, 0x0000000085800000, 0x0000000085900000|  0%| F|  |TAMS 0x0000000085800000, 0x0000000085800000| Untracked 
|  89|0x0000000085900000, 0x0000000085900000, 0x0000000085a00000|  0%| F|  |TAMS 0x0000000085900000, 0x0000000085900000| Untracked 
|  90|0x0000000085a00000, 0x0000000085a80000, 0x0000000085b00000| 50%| S|CS|TAMS 0x0000000085a00000, 0x0000000085a00000| Complete 
|  91|0x0000000085b00000, 0x0000000085c00000, 0x0000000085c00000|100%| S|CS|TAMS 0x0000000085b00000, 0x0000000085b00000| Complete 
|  92|0x0000000085c00000, 0x0000000085d00000, 0x0000000085d00000|100%| S|CS|TAMS 0x0000000085c00000, 0x0000000085c00000| Complete 
|  93|0x0000000085d00000, 0x0000000085e00000, 0x0000000085e00000|100%| S|CS|TAMS 0x0000000085d00000, 0x0000000085d00000| Complete 
|  94|0x0000000085e00000, 0x0000000085f00000, 0x0000000085f00000|100%| S|CS|TAMS 0x0000000085e00000, 0x0000000085e00000| Complete 
|  95|0x0000000085f00000, 0x0000000085f00000, 0x0000000086000000|  0%| F|  |TAMS 0x0000000085f00000, 0x0000000085f00000| Untracked 
|  96|0x0000000086000000, 0x0000000086000000, 0x0000000086100000|  0%| F|  |TAMS 0x0000000086000000, 0x0000000086000000| Untracked 
|  97|0x0000000086100000, 0x0000000086100000, 0x0000000086200000|  0%| F|  |TAMS 0x0000000086100000, 0x0000000086100000| Untracked 
|  98|0x0000000086200000, 0x0000000086200000, 0x0000000086300000|  0%| F|  |TAMS 0x0000000086200000, 0x0000000086200000| Untracked 
|  99|0x0000000086300000, 0x0000000086300000, 0x0000000086400000|  0%| F|  |TAMS 0x0000000086300000, 0x0000000086300000| Untracked 
| 100|0x0000000086400000, 0x0000000086400000, 0x0000000086500000|  0%| F|  |TAMS 0x0000000086400000, 0x0000000086400000| Untracked 
| 101|0x0000000086500000, 0x0000000086500000, 0x0000000086600000|  0%| F|  |TAMS 0x0000000086500000, 0x0000000086500000| Untracked 
| 102|0x0000000086600000, 0x0000000086600000, 0x0000000086700000|  0%| F|  |TAMS 0x0000000086600000, 0x0000000086600000| Untracked 
| 103|0x0000000086700000, 0x0000000086700000, 0x0000000086800000|  0%| F|  |TAMS 0x0000000086700000, 0x0000000086700000| Untracked 
| 104|0x0000000086800000, 0x0000000086800000, 0x0000000086900000|  0%| F|  |TAMS 0x0000000086800000, 0x0000000086800000| Untracked 
| 105|0x0000000086900000, 0x0000000086900000, 0x0000000086a00000|  0%| F|  |TAMS 0x0000000086900000, 0x0000000086900000| Untracked 
| 106|0x0000000086a00000, 0x0000000086a00000, 0x0000000086b00000|  0%| F|  |TAMS 0x0000000086a00000, 0x0000000086a00000| Untracked 
| 107|0x0000000086b00000, 0x0000000086b00000, 0x0000000086c00000|  0%| F|  |TAMS 0x0000000086b00000, 0x0000000086b00000| Untracked 
| 108|0x0000000086c00000, 0x0000000086c00000, 0x0000000086d00000|  0%| F|  |TAMS 0x0000000086c00000, 0x0000000086c00000| Untracked 
| 109|0x0000000086d00000, 0x0000000086d00000, 0x0000000086e00000|  0%| F|  |TAMS 0x0000000086d00000, 0x0000000086d00000| Untracked 
| 110|0x0000000086e00000, 0x0000000086e00000, 0x0000000086f00000|  0%| F|  |TAMS 0x0000000086e00000, 0x0000000086e00000| Untracked 
| 111|0x0000000086f00000, 0x0000000086f00000, 0x0000000087000000|  0%| F|  |TAMS 0x0000000086f00000, 0x0000000086f00000| Untracked 
| 112|0x0000000087000000, 0x0000000087000000, 0x0000000087100000|  0%| F|  |TAMS 0x0000000087000000, 0x0000000087000000| Untracked 
| 113|0x0000000087100000, 0x0000000087100000, 0x0000000087200000|  0%| F|  |TAMS 0x0000000087100000, 0x0000000087100000| Untracked 
| 114|0x0000000087200000, 0x0000000087200000, 0x0000000087300000|  0%| F|  |TAMS 0x0000000087200000, 0x0000000087200000| Untracked 
| 115|0x0000000087300000, 0x0000000087300000, 0x0000000087400000|  0%| F|  |TAMS 0x0000000087300000, 0x0000000087300000| Untracked 
| 116|0x0000000087400000, 0x0000000087400000, 0x0000000087500000|  0%| F|  |TAMS 0x0000000087400000, 0x0000000087400000| Untracked 
| 117|0x0000000087500000, 0x0000000087500000, 0x0000000087600000|  0%| F|  |TAMS 0x0000000087500000, 0x0000000087500000| Untracked 
| 118|0x0000000087600000, 0x0000000087600000, 0x0000000087700000|  0%| F|  |TAMS 0x0000000087600000, 0x0000000087600000| Untracked 
| 119|0x0000000087700000, 0x0000000087700000, 0x0000000087800000|  0%| F|  |TAMS 0x0000000087700000, 0x0000000087700000| Untracked 
| 120|0x0000000087800000, 0x0000000087800000, 0x0000000087900000|  0%| F|  |TAMS 0x0000000087800000, 0x0000000087800000| Untracked 
| 121|0x0000000087900000, 0x0000000087900000, 0x0000000087a00000|  0%| F|  |TAMS 0x0000000087900000, 0x0000000087900000| Untracked 
| 122|0x0000000087a00000, 0x0000000087a00000, 0x0000000087b00000|  0%| F|  |TAMS 0x0000000087a00000, 0x0000000087a00000| Untracked 
| 123|0x0000000087b00000, 0x0000000087b00000, 0x0000000087c00000|  0%| F|  |TAMS 0x0000000087b00000, 0x0000000087b00000| Untracked 
| 124|0x0000000087c00000, 0x0000000087c00000, 0x0000000087d00000|  0%| F|  |TAMS 0x0000000087c00000, 0x0000000087c00000| Untracked 
| 125|0x0000000087d00000, 0x0000000087d00000, 0x0000000087e00000|  0%| F|  |TAMS 0x0000000087d00000, 0x0000000087d00000| Untracked 
| 126|0x0000000087e00000, 0x0000000087e00000, 0x0000000087f00000|  0%| F|  |TAMS 0x0000000087e00000, 0x0000000087e00000| Untracked 
| 127|0x0000000087f00000, 0x0000000087f00000, 0x0000000088000000|  0%| F|  |TAMS 0x0000000087f00000, 0x0000000087f00000| Untracked 
| 128|0x0000000088000000, 0x0000000088000000, 0x0000000088100000|  0%| F|  |TAMS 0x0000000088000000, 0x0000000088000000| Untracked 
| 129|0x0000000088100000, 0x0000000088100000, 0x0000000088200000|  0%| F|  |TAMS 0x0000000088100000, 0x0000000088100000| Untracked 
| 130|0x0000000088200000, 0x0000000088200000, 0x0000000088300000|  0%| F|  |TAMS 0x0000000088200000, 0x0000000088200000| Untracked 
| 131|0x0000000088300000, 0x0000000088300000, 0x0000000088400000|  0%| F|  |TAMS 0x0000000088300000, 0x0000000088300000| Untracked 
| 132|0x0000000088400000, 0x0000000088400000, 0x0000000088500000|  0%| F|  |TAMS 0x0000000088400000, 0x0000000088400000| Untracked 
| 133|0x0000000088500000, 0x0000000088500000, 0x0000000088600000|  0%| F|  |TAMS 0x0000000088500000, 0x0000000088500000| Untracked 
| 134|0x0000000088600000, 0x0000000088600000, 0x0000000088700000|  0%| F|  |TAMS 0x0000000088600000, 0x0000000088600000| Untracked 
| 135|0x0000000088700000, 0x0000000088700000, 0x0000000088800000|  0%| F|  |TAMS 0x0000000088700000, 0x0000000088700000| Untracked 
| 136|0x0000000088800000, 0x0000000088800000, 0x0000000088900000|  0%| F|  |TAMS 0x0000000088800000, 0x0000000088800000| Untracked 
| 137|0x0000000088900000, 0x0000000088900000, 0x0000000088a00000|  0%| F|  |TAMS 0x0000000088900000, 0x0000000088900000| Untracked 
| 138|0x0000000088a00000, 0x0000000088a8b080, 0x0000000088b00000| 54%| E|  |TAMS 0x0000000088a00000, 0x0000000088a00000| Complete 
| 139|0x0000000088b00000, 0x0000000088c00000, 0x0000000088c00000|100%| E|CS|TAMS 0x0000000088b00000, 0x0000000088b00000| Complete 
| 140|0x0000000088c00000, 0x0000000088d00000, 0x0000000088d00000|100%| E|CS|TAMS 0x0000000088c00000, 0x0000000088c00000| Complete 
| 141|0x0000000088d00000, 0x0000000088e00000, 0x0000000088e00000|100%| E|CS|TAMS 0x0000000088d00000, 0x0000000088d00000| Complete 
| 142|0x0000000088e00000, 0x0000000088f00000, 0x0000000088f00000|100%| E|CS|TAMS 0x0000000088e00000, 0x0000000088e00000| Complete 
| 143|0x0000000088f00000, 0x0000000089000000, 0x0000000089000000|100%| E|CS|TAMS 0x0000000088f00000, 0x0000000088f00000| Complete 
| 144|0x0000000089000000, 0x0000000089100000, 0x0000000089100000|100%| E|CS|TAMS 0x0000000089000000, 0x0000000089000000| Complete 
| 145|0x0000000089100000, 0x0000000089200000, 0x0000000089200000|100%| E|CS|TAMS 0x0000000089100000, 0x0000000089100000| Complete 
| 146|0x0000000089200000, 0x0000000089300000, 0x0000000089300000|100%| E|CS|TAMS 0x0000000089200000, 0x0000000089200000| Complete 
| 147|0x0000000089300000, 0x0000000089400000, 0x0000000089400000|100%| E|CS|TAMS 0x0000000089300000, 0x0000000089300000| Complete 
| 148|0x0000000089400000, 0x0000000089500000, 0x0000000089500000|100%| E|CS|TAMS 0x0000000089400000, 0x0000000089400000| Complete 
| 149|0x0000000089500000, 0x0000000089600000, 0x0000000089600000|100%| E|CS|TAMS 0x0000000089500000, 0x0000000089500000| Complete 
| 150|0x0000000089600000, 0x0000000089700000, 0x0000000089700000|100%| E|CS|TAMS 0x0000000089600000, 0x0000000089600000| Complete 
| 151|0x0000000089700000, 0x0000000089800000, 0x0000000089800000|100%| E|CS|TAMS 0x0000000089700000, 0x0000000089700000| Complete 
| 152|0x0000000089800000, 0x0000000089900000, 0x0000000089900000|100%| E|CS|TAMS 0x0000000089800000, 0x0000000089800000| Complete 
| 153|0x0000000089900000, 0x0000000089a00000, 0x0000000089a00000|100%| E|CS|TAMS 0x0000000089900000, 0x0000000089900000| Complete 

Card table byte_map: [0x0000018c26d00000,0x0000018c27100000] _byte_map_base: 0x0000018c26900000

Marking Bits (Prev, Next): (CMBitMap*) 0x0000018c0f1c06f8, (CMBitMap*) 0x0000018c0f1c0730
 Prev Bits: [0x0000018c27500000, 0x0000018c29500000)
 Next Bits: [0x0000018c29500000, 0x0000018c2b500000)

Polling page: 0x0000018c0d800000

Metaspace:

Usage:
  Non-class:     37.77 MB capacity,    37.01 MB ( 98%) used,   640.67 KB (  2%) free+waste,   139.25 KB ( <1%) overhead. 
      Class:      5.69 MB capacity,     5.18 MB ( 91%) used,   457.80 KB (  8%) free+waste,    66.31 KB (  1%) overhead. 
       Both:     43.46 MB capacity,    42.19 MB ( 97%) used,     1.07 MB (  2%) free+waste,   205.56 KB ( <1%) overhead. 

Virtual space:
  Non-class space:       38.00 MB reserved,      37.92 MB (>99%) committed 
      Class space:        1.00 GB reserved,       5.75 MB ( <1%) committed 
             Both:        1.04 GB reserved,      43.67 MB (  4%) committed 

Chunk freelists:
   Non-Class:  3.63 KB
       Class:  0 bytes
        Both:  3.63 KB

CodeHeap 'non-profiled nmethods': size=239488Kb used=8564Kb max_used=8564Kb free=230923Kb
 bounds [0x0000018c17b20000, 0x0000018c18380000, 0x0000018c26500000]
CodeHeap 'non-nmethods': size=6272Kb used=1266Kb max_used=1829Kb free=5005Kb
 bounds [0x0000018c17500000, 0x0000018c17770000, 0x0000018c17b20000]
 total_blobs=5082 nmethods=4513 adapters=463
 compilation: enabled
              stopped_count=0, restarted_count=0
 full_count=0

Compilation events (10 events):
Event: 544.303 Thread 0x0000018c2fe1f000 nmethod 4533 0x0000018c1837b510 code [0x0000018c1837b6c0, 0x0000018c1837b830]
Event: 544.304 Thread 0x0000018c2d90d000 nmethod 4532 0x0000018c1837b910 code [0x0000018c1837bb20, 0x0000018c1837be60]
Event: 544.304 Thread 0x0000018c2fe1f000 4534       1       com.alibaba.fastjson.parser.deserializer.CalendarDeserializer::getFastMatchToken (2 bytes)
Event: 544.304 Thread 0x0000018c2fe1f000 nmethod 4534 0x0000018c1837c190 code [0x0000018c1837c340, 0x0000018c1837c458]
Event: 544.304 Thread 0x0000018c2d90d000 4535       1       java.util.Calendar::getSetStateFields (36 bytes)
Event: 544.304 Thread 0x0000018c2fe1f000 4536       1       com.alibaba.fastjson.parser.JSONScanner::isWhitespace (42 bytes)
Event: 544.304 Thread 0x0000018c2d90d000 nmethod 4535 0x0000018c1837c510 code [0x0000018c1837c6c0, 0x0000018c1837c858]
Event: 544.304 Thread 0x0000018c2fe1f000 nmethod 4536 0x0000018c1837c990 code [0x0000018c1837cb40, 0x0000018c1837cc78]
Event: 544.324 Thread 0x0000018c2d90d000 4537       1       com.alibaba.fastjson.parser.JSONScanner::scanFieldInt (374 bytes)
Event: 544.324 Thread 0x0000018c2d90d000 nmethod 4537 0x0000018c1837cd10 code [0x0000018c1837cee0, 0x0000018c1837d378]

GC Heap History (10 events):
Event: 1.962 GC heap before
{Heap before GC invocations=6 (full 0):
 garbage-first heap   total 131072K, used 31552K [0x0000000080000000, 0x0000000100000000)
  region size 1024K, 25 young (25600K), 2 survivors (2048K)
 Metaspace       used 25260K, capacity 25888K, committed 26032K, reserved 1073152K
  class space    used 3046K, capacity 3320K, committed 3328K, reserved 1048576K
}
Event: 1.967 GC heap after
{Heap after GC invocations=7 (full 0):
 garbage-first heap   total 131072K, used 10255K [0x0000000080000000, 0x0000000100000000)
  region size 1024K, 3 young (3072K), 3 survivors (3072K)
 Metaspace       used 25260K, capacity 25888K, committed 26032K, reserved 1073152K
  class space    used 3046K, capacity 3320K, committed 3328K, reserved 1048576K
}
Event: 2.396 GC heap before
{Heap before GC invocations=7 (full 0):
 garbage-first heap   total 131072K, used 48143K [0x0000000080000000, 0x0000000100000000)
  region size 1024K, 40 young (40960K), 3 survivors (3072K)
 Metaspace       used 27728K, capacity 28473K, committed 28720K, reserved 1075200K
  class space    used 3367K, capacity 3647K, committed 3712K, reserved 1048576K
}
Event: 2.404 GC heap after
{Heap after GC invocations=8 (full 0):
 garbage-first heap   total 157696K, used 12642K [0x0000000080000000, 0x0000000100000000)
  region size 1024K, 5 young (5120K), 5 survivors (5120K)
 Metaspace       used 27728K, capacity 28473K, committed 28720K, reserved 1075200K
  class space    used 3367K, capacity 3647K, committed 3712K, reserved 1048576K
}
Event: 3.103 GC heap before
{Heap before GC invocations=8 (full 0):
 garbage-first heap   total 157696K, used 68962K [0x0000000080000000, 0x0000000100000000)
  region size 1024K, 60 young (61440K), 5 survivors (5120K)
 Metaspace       used 34139K, capacity 35122K, committed 35248K, reserved 1079296K
  class space    used 4197K, capacity 4574K, committed 4608K, reserved 1048576K
}
Event: 3.115 GC heap after
{Heap after GC invocations=9 (full 0):
 garbage-first heap   total 157696K, used 19091K [0x0000000080000000, 0x0000000100000000)
  region size 1024K, 8 young (8192K), 8 survivors (8192K)
 Metaspace       used 34139K, capacity 35122K, committed 35248K, reserved 1079296K
  class space    used 4197K, capacity 4574K, committed 4608K, reserved 1048576K
}
Event: 3.221 GC heap before
{Heap before GC invocations=9 (full 0):
 garbage-first heap   total 157696K, used 28307K [0x0000000080000000, 0x0000000100000000)
  region size 1024K, 19 young (19456K), 8 survivors (8192K)
 Metaspace       used 34794K, capacity 35814K, committed 35888K, reserved 1081344K
  class space    used 4271K, capacity 4677K, committed 4736K, reserved 1048576K
}
Event: 3.238 GC heap after
{Heap after GC invocations=10 (full 0):
 garbage-first heap   total 157696K, used 20161K [0x0000000080000000, 0x0000000100000000)
  region size 1024K, 7 young (7168K), 7 survivors (7168K)
 Metaspace       used 34794K, capacity 35814K, committed 35888K, reserved 1081344K
  class space    used 4271K, capacity 4677K, committed 4736K, reserved 1048576K
}
Event: 16.131 GC heap before
{Heap before GC invocations=11 (full 0):
 garbage-first heap   total 157696K, used 73409K [0x0000000080000000, 0x0000000100000000)
  region size 1024K, 59 young (60416K), 7 survivors (7168K)
 Metaspace       used 42159K, capacity 43450K, committed 43824K, reserved 1087488K
  class space    used 5159K, capacity 5633K, committed 5760K, reserved 1048576K
}
Event: 16.151 GC heap after
{Heap after GC invocations=12 (full 0):
 garbage-first heap   total 157696K, used 23711K [0x0000000080000000, 0x0000000100000000)
  region size 1024K, 5 young (5120K), 5 survivors (5120K)
 Metaspace       used 42159K, capacity 43450K, committed 43824K, reserved 1087488K
  class space    used 5159K, capacity 5633K, committed 5760K, reserved 1048576K
}

Deoptimization events (0 events):
No events

Classes redefined (6 events):
Event: 349.279 Thread 0x0000018c2d8d3800 redefined class name=com.mes.loco.aps.server.controller.aps.APSManuCapacityController, count=1
Event: 405.497 Thread 0x0000018c2d8d3800 redefined class name=com.mes.loco.aps.server.controller.aps.APSManuCapacityController, count=2
Event: 449.818 Thread 0x0000018c2d8d3800 redefined class name=com.mes.loco.aps.server.controller.aps.APSManuCapacityController, count=3
Event: 509.248 Thread 0x0000018c2d8d3800 redefined class name=com.mes.loco.aps.server.controller.aps.APSManuCapacityController, count=4
Event: 512.318 Thread 0x0000018c2d8d3800 redefined class name=com.mes.loco.aps.server.controller.aps.APSManuCapacityController, count=5
Event: 637.431 Thread 0x0000018c2d8d3800 redefined class name=com.mes.loco.aps.server.controller.aps.APSManuCapacityController, count=6

Internal exceptions (10 events):
Event: 3.551 Thread 0x0000018c0f181800 Exception <a 'java/lang/ClassNotFoundException'{0x00000000890abe68}: org/springframework/beans/factory/AwareCustomizer> (0x00000000890abe68) thrown at [t:/workspace/open/src/hotspot/share/classfile/systemDictionary.cpp, line 231]
Event: 3.551 Thread 0x0000018c0f181800 Exception <a 'java/lang/ClassNotFoundException'{0x00000000890b49a8}: org/springframework/web/context/ServletContextAwareCustomizer> (0x00000000890b49a8) thrown at [t:/workspace/open/src/hotspot/share/classfile/systemDictionary.cpp, line 231]
Event: 3.551 Thread 0x0000018c0f181800 Exception <a 'java/lang/ClassNotFoundException'{0x00000000890bd800}: org/springframework/beans/factory/AwareCustomizer> (0x00000000890bd800) thrown at [t:/workspace/open/src/hotspot/share/classfile/systemDictionary.cpp, line 231]
Event: 3.641 Thread 0x0000018c0f181800 Exception <a 'java/lang/NoSuchMethodError'{0x0000000088142880}: java.lang.invoke.DirectMethodHandle$Holder.invokeVirtual(Ljava/lang/Object;Ljava/lang/Object;I)V> (0x0000000088142880) thrown at [t:/workspace/open/src/hotspot/share/interpreter/linkResolver.
Event: 3.901 Thread 0x0000018c0f181800 Exception <a 'java/lang/NoSuchMethodError'{0x00000000873638b8}: java.lang.invoke.DirectMethodHandle$Holder.invokeSpecial(Ljava/lang/Object;Ljava/lang/Object;)V> (0x00000000873638b8) thrown at [t:/workspace/open/src/hotspot/share/interpreter/linkResolver.c
Event: 3.902 Thread 0x0000018c0f181800 Exception <a 'java/lang/NoSuchMethodError'{0x0000000087369358}: java.lang.invoke.DirectMethodHandle$Holder.newInvokeSpecial(Ljava/lang/Object;I)Ljava/lang/Object;> (0x0000000087369358) thrown at [t:/workspace/open/src/hotspot/share/interpreter/linkResolve
Event: 15.938 Thread 0x0000018c30609800 Exception <a 'sun/nio/fs/WindowsException'{0x000000008698eeb8}> (0x000000008698eeb8) thrown at [t:/workspace/open/src/hotspot/share/prims/jni.cpp, line 615]
Event: 15.970 Thread 0x0000018c30609800 Exception <a 'java/lang/ClassNotFoundException'{0x0000000086725aa0}: sun/awt/resources/spi/awtProvider> (0x0000000086725aa0) thrown at [t:/workspace/open/src/hotspot/share/classfile/systemDictionary.cpp, line 231]
Event: 15.976 Thread 0x0000018c30609800 Exception <a 'java/io/FileNotFoundException'{0x00000000867668e8}> (0x00000000867668e8) thrown at [t:/workspace/open/src/hotspot/share/prims/jni.cpp, line 615]
Event: 15.977 Thread 0x0000018c30609800 Exception <a 'java/io/FileNotFoundException'{0x000000008676a8e0}> (0x000000008676a8e0) thrown at [t:/workspace/open/src/hotspot/share/prims/jni.cpp, line 615]

Events (10 events):
Event: 637.760 Executing VM operation: GetOwnedMonitorInfo done
Event: 637.760 Executing VM operation: GetCurrentContendedMonitor
Event: 637.760 Executing VM operation: GetCurrentContendedMonitor done
Event: 637.908 Executing VM operation: GetCurrentContendedMonitor
Event: 637.947 Executing VM operation: GetCurrentContendedMonitor done
Event: 637.964 Executing VM operation: GetOwnedMonitorInfo
Event: 637.965 Executing VM operation: GetOwnedMonitorInfo done
Event: 637.965 Executing VM operation: GetFrameLocation
Event: 637.966 Executing VM operation: GetFrameLocation done
Event: 637.966 Executing VM operation: GetOrSetLocal


Dynamic libraries:
0x00007ff6c7860000 - 0x00007ff6c78a5000 	C:\Java\MyEclipse\binary\com.sun.java.jdk11.win32.x86_64_1.11.2\bin\javaw.exe
0x00007ffcf8bc0000 - 0x00007ffcf8db0000 	C:\Windows\SYSTEM32\ntdll.dll
0x00007ffcf7700000 - 0x00007ffcf77b2000 	C:\Windows\System32\KERNEL32.DLL
0x00007ffcf6770000 - 0x00007ffcf6a13000 	C:\Windows\System32\KERNELBASE.dll
0x00007ffcf8780000 - 0x00007ffcf8914000 	C:\Windows\System32\USER32.dll
0x00007ffcf6a20000 - 0x00007ffcf6a41000 	C:\Windows\System32\win32u.dll
0x00007ffcf83e0000 - 0x00007ffcf8406000 	C:\Windows\System32\GDI32.dll
0x00007ffcf6ad0000 - 0x00007ffcf6c64000 	C:\Windows\System32\gdi32full.dll
0x00007ffcf5ed0000 - 0x00007ffcf5f6e000 	C:\Windows\System32\msvcp_win.dll
0x00007ffcf5b50000 - 0x00007ffcf5c4a000 	C:\Windows\System32\ucrtbase.dll
0x00007ffce7f90000 - 0x00007ffce8215000 	C:\Windows\WinSxS\amd64_microsoft.windows.common-controls_6595b64144ccf1df_6.0.18362.535_none_e6c3b34713100821\COMCTL32.dll
0x00007ffcf81d0000 - 0x00007ffcf826e000 	C:\Windows\System32\msvcrt.dll
0x00007ffcf7970000 - 0x00007ffcf7ca6000 	C:\Windows\System32\combase.dll
0x00007ffcf8920000 - 0x00007ffcf8a40000 	C:\Windows\System32\RPCRT4.dll
0x00007ffcf66f0000 - 0x00007ffcf6770000 	C:\Windows\System32\bcryptPrimitives.dll
0x00007ffcf8190000 - 0x00007ffcf81be000 	C:\Windows\System32\IMM32.DLL
0x00007ffcd9390000 - 0x00007ffcd93a6000 	C:\Java\MyEclipse\binary\com.sun.java.jdk11.win32.x86_64_1.11.2\bin\vcruntime140.dll
0x00007ffcba0f0000 - 0x00007ffcba19a000 	C:\Java\MyEclipse\binary\com.sun.java.jdk11.win32.x86_64_1.11.2\bin\msvcp140.dll
0x00007ffcb95c0000 - 0x00007ffcba0e3000 	C:\Java\MyEclipse\binary\com.sun.java.jdk11.win32.x86_64_1.11.2\bin\server\jvm.dll
0x00007ffcf8630000 - 0x00007ffcf86d3000 	C:\Windows\System32\ADVAPI32.dll
0x00007ffcf86e0000 - 0x00007ffcf8777000 	C:\Windows\System32\sechost.dll
0x00007ffcf81c0000 - 0x00007ffcf81c8000 	C:\Windows\System32\PSAPI.DLL
0x00007ffcdc1b0000 - 0x00007ffcdc1b9000 	C:\Windows\SYSTEM32\WSOCK32.dll
0x00007ffcf7580000 - 0x00007ffcf75ef000 	C:\Windows\System32\WS2_32.dll
0x00007ffcf3b10000 - 0x00007ffcf3b34000 	C:\Windows\SYSTEM32\WINMM.dll
0x00007ffcef940000 - 0x00007ffcef94a000 	C:\Windows\SYSTEM32\VERSION.dll
0x00007ffcf3ae0000 - 0x00007ffcf3b0d000 	C:\Windows\SYSTEM32\WINMMBASE.dll
0x00007ffcf6a80000 - 0x00007ffcf6aca000 	C:\Windows\System32\cfgmgr32.dll
0x00007ffcf5b30000 - 0x00007ffcf5b41000 	C:\Windows\System32\kernel.appcore.dll
0x00007ffcd8fd0000 - 0x00007ffcd8fe1000 	C:\Java\MyEclipse\binary\com.sun.java.jdk11.win32.x86_64_1.11.2\bin\verify.dll
0x00007ffcef740000 - 0x00007ffcef934000 	C:\Windows\SYSTEM32\DBGHELP.DLL
0x00007ffcef710000 - 0x00007ffcef73a000 	C:\Windows\SYSTEM32\dbgcore.DLL
0x00007ffcd7cd0000 - 0x00007ffcd7cf8000 	C:\Java\MyEclipse\binary\com.sun.java.jdk11.win32.x86_64_1.11.2\bin\java.dll
0x00007ffcc7be0000 - 0x00007ffcc7c17000 	C:\Java\MyEclipse\binary\com.sun.java.jdk11.win32.x86_64_1.11.2\bin\jdwp.dll
0x00007ffcd8700000 - 0x00007ffcd8716000 	C:\Java\MyEclipse\binary\com.sun.java.jdk11.win32.x86_64_1.11.2\bin\zip.dll
0x00007ffcd90c0000 - 0x00007ffcd90ca000 	C:\Java\MyEclipse\binary\com.sun.java.jdk11.win32.x86_64_1.11.2\bin\jimage.dll
0x00007ffcf6e70000 - 0x00007ffcf7555000 	C:\Windows\System32\SHELL32.dll
0x00007ffcf6dc0000 - 0x00007ffcf6e69000 	C:\Windows\System32\shcore.dll
0x00007ffcf5f70000 - 0x00007ffcf66ef000 	C:\Windows\System32\windows.storage.dll
0x00007ffcf5b10000 - 0x00007ffcf5b2f000 	C:\Windows\System32\profapi.dll
0x00007ffcf5ac0000 - 0x00007ffcf5b0a000 	C:\Windows\System32\powrprof.dll
0x00007ffcf5a90000 - 0x00007ffcf5aa0000 	C:\Windows\System32\UMPDC.dll
0x00007ffcf7890000 - 0x00007ffcf78e2000 	C:\Windows\System32\shlwapi.dll
0x00007ffcf5d00000 - 0x00007ffcf5d17000 	C:\Windows\System32\cryptsp.dll
0x00007ffcce170000 - 0x00007ffcce17a000 	C:\Java\MyEclipse\binary\com.sun.java.jdk11.win32.x86_64_1.11.2\bin\dt_socket.dll
0x00007ffcf52a0000 - 0x00007ffcf5307000 	C:\Windows\System32\mswsock.dll
0x00007ffcf5000000 - 0x00007ffcf50ca000 	C:\Windows\SYSTEM32\DNSAPI.dll
0x00007ffcf8120000 - 0x00007ffcf8128000 	C:\Windows\System32\NSI.dll
0x00007ffcf4fb0000 - 0x00007ffcf4fea000 	C:\Windows\SYSTEM32\IPHLPAPI.DLL
0x00007ffcee930000 - 0x00007ffcee9a7000 	C:\Windows\System32\fwpuclnt.dll
0x00007ffcf6a50000 - 0x00007ffcf6a76000 	C:\Windows\System32\bcrypt.dll
0x00007ffcea110000 - 0x00007ffcea11a000 	C:\Windows\System32\rasadhlp.dll
0x00007ffcd6330000 - 0x00007ffcd6349000 	C:\Java\MyEclipse\binary\com.sun.java.jdk11.win32.x86_64_1.11.2\bin\net.dll
0x00007ffcec650000 - 0x00007ffcec740000 	C:\Windows\SYSTEM32\WINHTTP.dll
0x00007ffcebdb0000 - 0x00007ffcebf86000 	C:\Windows\SYSTEM32\urlmon.dll
0x00007ffcec350000 - 0x00007ffcec5f6000 	C:\Windows\SYSTEM32\iertutil.dll
0x00007ffcf5470000 - 0x00007ffcf547c000 	C:\Windows\SYSTEM32\CRYPTBASE.DLL
0x00007ffcd6310000 - 0x00007ffcd6323000 	C:\Java\MyEclipse\binary\com.sun.java.jdk11.win32.x86_64_1.11.2\bin\nio.dll
0x00007ffce9c10000 - 0x00007ffce9c19000 	C:\Java\MyEclipse\binary\com.sun.java.jdk11.win32.x86_64_1.11.2\bin\management.dll
0x00007ffce9930000 - 0x00007ffce993c000 	C:\Java\MyEclipse\binary\com.sun.java.jdk11.win32.x86_64_1.11.2\bin\management_ext.dll
0x00007ffcd1bf0000 - 0x00007ffcd1c06000 	C:\Windows\system32\napinsp.dll
0x00007ffcd1bd0000 - 0x00007ffcd1bea000 	C:\Windows\system32\pnrpnsp.dll
0x00007ffcd1bc0000 - 0x00007ffcd1bce000 	C:\Windows\System32\winrnr.dll
0x00007ffcf22d0000 - 0x00007ffcf22ec000 	C:\Windows\system32\NLAapi.dll
0x00007ffcf1090000 - 0x00007ffcf10a5000 	C:\Windows\system32\wshbth.dll
0x00007ffcf4e10000 - 0x00007ffcf4e43000 	C:\Windows\system32\rsaenh.dll
0x00007ffcf5980000 - 0x00007ffcf59a5000 	C:\Windows\SYSTEM32\USERENV.dll
0x00007ffceeff0000 - 0x00007ffcef006000 	C:\Windows\SYSTEM32\dhcpcsvc6.DLL
0x00007ffceefd0000 - 0x00007ffceefec000 	C:\Windows\SYSTEM32\dhcpcsvc.DLL
0x0000000180000000 - 0x0000000180282000 	C:\Java\apache-tomcat-8.5\bin\tcnative-1.dll
0x00007ffcf5d20000 - 0x00007ffcf5e69000 	C:\Windows\System32\CRYPT32.dll
0x00007ffcf5aa0000 - 0x00007ffcf5ab2000 	C:\Windows\System32\MSASN1.dll
0x00007ffcebf90000 - 0x00007ffcebf9d000 	C:\Java\MyEclipse\binary\com.sun.java.jdk11.win32.x86_64_1.11.2\bin\sunmscapi.dll
0x00007ffcf5570000 - 0x00007ffcf5596000 	C:\Windows\SYSTEM32\ncrypt.dll
0x00007ffcf5530000 - 0x00007ffcf556b000 	C:\Windows\SYSTEM32\NTASN1.dll
0x00007ffce94c0000 - 0x00007ffce94e7000 	C:\Java\MyEclipse\binary\com.sun.java.jdk11.win32.x86_64_1.11.2\bin\sunec.dll
0x00007ffcb5eb0000 - 0x00007ffcb604e000 	C:\Java\MyEclipse\binary\com.sun.java.jdk11.win32.x86_64_1.11.2\bin\awt.dll
0x00007ffcf6cf0000 - 0x00007ffcf6db4000 	C:\Windows\System32\OLEAUT32.dll
0x00007ffcf2a30000 - 0x00007ffcf2ff0000 	C:\Windows\SYSTEM32\d2d1.dll
0x00007ffcf3d40000 - 0x00007ffcf3dcf000 	C:\Windows\SYSTEM32\apphelp.dll

dbghelp: loaded successfully - version: 4.0.5 - missing functions: none
symbol engine: initialized successfully - sym options: 0x614 - pdb path: .;C:\Java\MyEclipse\binary\com.sun.java.jdk11.win32.x86_64_1.11.2\bin;C:\Windows\SYSTEM32;C:\Windows\WinSxS\amd64_microsoft.windows.common-controls_6595b64144ccf1df_6.0.18362.535_none_e6c3b34713100821;C:\Java\MyEclipse\binary\com.sun.java.jdk11.win32.x86_64_1.11.2\bin\server;C:\Java\apache-tomcat-8.5\bin

VM Arguments:
jvm_args: -agentlib:jdwp=transport=dt_socket,suspend=y,address=localhost:57233 -Dcom.sun.management.jmxremote -Dcom.sun.management.jmxremote.port=57232 -Dcom.sun.management.jmxremote.authenticate=false -Dcom.sun.management.jmxremote.ssl=false -Djava.rmi.server.hostname=localhost -Dspring.liveBeansView.mbeanDomain -Dspring.application.admin.enabled=true -Xverify:none -XX:TieredStopAtLevel=1 -Dfile.encoding=UTF-8 
java_command: com.mes.loco.aps.server.Application
java_class_path (initial): C:\Users\ShrisJava\Workspaces\MyEclipse CI\MESLOCOAPS\target\classes;C:\Users\ShrisJava\.m2\repository\org\springframework\boot\spring-boot-starter-web\2.1.3.RELEASE\spring-boot-starter-web-2.1.3.RELEASE.jar;C:\Users\ShrisJava\.m2\repository\org\springframework\boot\spring-boot-starter\2.1.3.RELEASE\spring-boot-starter-2.1.3.RELEASE.jar;C:\Users\ShrisJava\.m2\repository\org\springframework\boot\spring-boot\2.1.3.RELEASE\spring-boot-2.1.3.RELEASE.jar;C:\Users\ShrisJava\.m2\repository\org\springframework\boot\spring-boot-autoconfigure\2.1.3.RELEASE\spring-boot-autoconfigure-2.1.3.RELEASE.jar;C:\Users\ShrisJava\.m2\repository\org\springframework\boot\spring-boot-starter-logging\2.1.3.RELEASE\spring-boot-starter-logging-2.1.3.RELEASE.jar;C:\Users\ShrisJava\.m2\repository\ch\qos\logback\logback-classic\1.2.3\logback-classic-1.2.3.jar;C:\Users\ShrisJava\.m2\repository\ch\qos\logback\logback-core\1.2.3\logback-core-1.2.3.jar;C:\Users\ShrisJava\.m2\repository\org\apache\logging\log4j\log4j-to-slf4j\2.11.2\log4j-to-slf4j-2.11.2.jar;C:\Users\ShrisJava\.m2\repository\org\apache\logging\log4j\log4j-api\2.11.2\log4j-api-2.11.2.jar;C:\Users\ShrisJava\.m2\repository\org\slf4j\jul-to-slf4j\1.7.25\jul-to-slf4j-1.7.25.jar;C:\Users\ShrisJava\.m2\repository\org\yaml\snakeyaml\1.23\snakeyaml-1.23.jar;C:\Users\ShrisJava\.m2\repository\org\springframework\boot\spring-boot-starter-json\2.1.3.RELEASE\spring-boot-starter-json-2.1.3.RELEASE.jar;C:\Users\ShrisJava\.m2\repository\com\fasterxml\jackson\core\jackson-databind\2.9.8\jackson-databind-2.9.8.jar;C:\Users\ShrisJava\.m2\repository\com\fasterxml\jackson\core\jackson-annotations\2.9.0\jackson-annotations-2.9.0.jar;C:\Users\ShrisJava\.m2\repository\com\fasterxml\jackson\core\jackson-core\2.9.8\jackson-core-2.9.8.jar;C:\Users\ShrisJava\.m2\repository\com\fasterxml\jackson\datatype\jackson-datatype-jdk8\2.9.8\jackson-datatype-jdk8-2.9.8.jar;C:\Users\ShrisJava\.m2\repository\com\fasterxml\jackson\datatype\jackson-
Launcher Type: SUN_STANDARD

[Global flags]
     bool BytecodeVerificationLocal                = false                                     {product} {command line}
     bool BytecodeVerificationRemote               = false                                     {product} {command line}
     intx CICompilerCount                          = 2                                         {product} {ergonomic}
     uint ConcGCThreads                            = 1                                         {product} {ergonomic}
     uint G1ConcRefinementThreads                  = 2                                         {product} {ergonomic}
   size_t G1HeapRegionSize                         = 1048576                                   {product} {ergonomic}
    uintx GCDrainStackTargetSize                   = 64                                        {product} {ergonomic}
   size_t InitialHeapSize                          = 134217728                                 {product} {ergonomic}
     bool ManagementServer                         = true                                      {product} {command line}
   size_t MarkStackSize                            = 4194304                                   {product} {ergonomic}
   size_t MaxHeapSize                              = 2147483648                                {product} {ergonomic}
   size_t MaxNewSize                               = 1287651328                                {product} {ergonomic}
   size_t MinHeapDeltaBytes                        = 1048576                                   {product} {ergonomic}
    uintx NonNMethodCodeHeapSize                   = 6396312                                {pd product} {ergonomic}
    uintx NonProfiledCodeHeapSize                  = 245261928                              {pd product} {ergonomic}
    uintx ProfiledCodeHeapSize                     = 0                                      {pd product} {ergonomic}
    uintx ReservedCodeCacheSize                    = 251658240                              {pd product} {ergonomic}
     bool SegmentedCodeCache                       = true                                      {product} {ergonomic}
     intx TieredStopAtLevel                        = 1                                         {product} {command line}
     bool UseCompressedClassPointers               = true                                 {lp64_product} {ergonomic}
     bool UseCompressedOops                        = true                                 {lp64_product} {ergonomic}
     bool UseG1GC                                  = true                                      {product} {ergonomic}
     bool UseLargePagesIndividualAllocation        = false                                  {pd product} {ergonomic}

Logging:
Log output configuration:
 #0: stdout all=warning uptime,level,tags
 #1: stderr all=off uptime,level,tags

Environment Variables:
JAVA_HOME=C:\Java\JDK_1.8
CLASSPATH=.;C:\Java\JDK_1.8\lib\dt.jar;C:\Java\JDK_1.8\lib\tools.jar;
PATH=C:\Program Files (x86)\Common Files\Oracle\Java\javapath;C:\Program Files\Microsoft MPI\Bin\;C:\Windows\system32;C:\Windows;C:\Windows\System32\Wbem;C:\Windows\System32\WindowsPowerShell\v1.0\;C:\Windows\System32\OpenSSH\;C:\Program Files (x86)\Microsoft SQL Server\140\Tools\Binn\;C:\Program Files\Microsoft SQL Server\140\Tools\Binn\;C:\Program Files (x86)\Microsoft SQL Server\140\DTS\Binn\;C:\Program Files\Microsoft SQL Server\140\DTS\Binn\;C:\Program Files\Microsoft SQL Server\Client SDK\ODBC\130\Tools\Binn\;C:\Program Files (x86)\Microsoft SQL Server\150\DTS\Binn\;C:\Java\JDK_1.8\bin;C:\Java\JDK_1.8\jre\bin;C:\Java\apache-tomcat-8.5\lib;C:\Java\apache-tomcat-8.5\bin;C:\Java\apache-maven-3.5.2\bin;C:\Program Files\MySQL\MySQL Shell 8.0\bin\
USERNAME=ShrisJava
OS=Windows_NT
PROCESSOR_IDENTIFIER=Intel64 Family 6 Model 158 Stepping 10, GenuineIntel



---------------  S Y S T E M  ---------------

OS: Windows 10 , 64 bit Build 18362 (10.0.18362.329)

CPU:total 2 (initial active 2) (2 cores per cpu, 1 threads per core) family 6 model 158 stepping 10, cmov, cx8, fxsr, mmx, sse, sse2, sse3, ssse3, sse4.1, sse4.2, popcnt, avx, avx2, aes, clmul, erms, rtm, 3dnowpref, lzcnt, tsc, tscinvbit, bmi1, bmi2, adx, fma

Memory: 4k page, system-wide physical 8190M (3480M free)
TotalPageFile size 9470M (AvailPageFile size 3215M)
current process WorkingSet (physical memory assigned to process): 194M, peak: 197M
current process commit charge ("private bytes"): 287M, peak: 289M

vm_info: OpenJDK 64-Bit Server VM (11.0.2+9) for windows-amd64 JRE (11.0.2+9), built on Jan 18 2019 05:23:22 by "mach5one" with MS VC++ 15.5 (VS2017)

END.
